
------------------------
2023.09.13 10:21:26
DEBUG
Array
(
    [0] => "{\"iat\":{\"date\":\"2023-09-13
    [1] => 10:08:02.808148\",\"timezone_type\":3,\"timezone\":\"Europe\/Berlin\"},\"iss\":\"your.domain.name\",\"nbf\":{\"date\":\"2023-09-13
    [2] => 10:08:02.808148\",\"timezone_type\":3,\"timezone\":\"Europe\/Berlin\"},\"exp\":1694592542,\"userName\":\"username\"}"
)

------------------------

------------------------
2023.09.13 10:23:44
DEBUG
{"iat":{"date":"2023-09-13 10:08:02.808148","timezone_type":3,"timezone":"Europe/Berlin"},"iss":"your.domain.name","nbf":{"date":"2023-09-13 10:08:02.808148","timezone_type":3,"timezone":"Europe/Berlin"},"exp":1694592542,"userName":"username"}
------------------------

------------------------
2023.09.13 10:23:45
DEBUG
{"iat":{"date":"2023-09-13 10:08:02.808148","timezone_type":3,"timezone":"Europe/Berlin"},"iss":"your.domain.name","nbf":{"date":"2023-09-13 10:08:02.808148","timezone_type":3,"timezone":"Europe/Berlin"},"exp":1694592542,"userName":"username"}
------------------------

------------------------
2023.09.13 10:23:46
DEBUG
{"iat":{"date":"2023-09-13 10:08:02.808148","timezone_type":3,"timezone":"Europe/Berlin"},"iss":"your.domain.name","nbf":{"date":"2023-09-13 10:08:02.808148","timezone_type":3,"timezone":"Europe/Berlin"},"exp":1694592542,"userName":"username"}
------------------------

------------------------
2023.09.13 10:23:46
DEBUG
{"iat":{"date":"2023-09-13 10:08:02.808148","timezone_type":3,"timezone":"Europe/Berlin"},"iss":"your.domain.name","nbf":{"date":"2023-09-13 10:08:02.808148","timezone_type":3,"timezone":"Europe/Berlin"},"exp":1694592542,"userName":"username"}
------------------------

------------------------
2023.09.13 10:28:37
DEBUG
string
------------------------

------------------------
2023.09.13 10:30:09
DEBUG
Array
(
    [0] => {"iat":{"date":"2023-09-13 10:08:02.808148","timezone_type":3,"timezone":"Europe/Berlin"
    [1] => ,"iss":"your.domain.name","nbf":{"date":"2023-09-13 10:08:02.808148","timezone_type":3,"timezone":"Europe/Berlin"
    [2] => ,"exp":1694592542,"userName":"username"
    [3] => 
)

------------------------

------------------------
2023.09.13 10:47:36
DEBUG
stdClass Object
(
    [iss] => http://example.org
    [audi] => http://example.com
    [iat] => 1356999524
    [nbf] => 1357000000
)

------------------------

------------------------
2023.09.13 11:03:35
DEBUG
stdClass Object
(
    [iss] => http://example.org
    [audi] => http://example.com
    [iat] => 1356999524
    [nbf] => 1357000000
)

------------------------

------------------------
2023.09.13 11:04:07
DEBUG
stdClass Object
(
    [iss] => http://example.org
    [audi] => http://example.com
    [iat] => 1356999524
    [nbf] => 1357000000
)

------------------------

------------------------
2023.09.13 11:04:08
DEBUG
stdClass Object
(
    [iss] => http://example.org
    [audi] => http://example.com
    [iat] => 1356999524
    [nbf] => 1357000000
)

------------------------

------------------------
2023.09.13 11:04:08
DEBUG
stdClass Object
(
    [iss] => http://example.org
    [audi] => http://example.com
    [iat] => 1356999524
    [nbf] => 1357000000
)

------------------------

------------------------
2023.09.13 11:04:08
DEBUG
stdClass Object
(
    [iss] => http://example.org
    [audi] => http://example.com
    [iat] => 1356999524
    [nbf] => 1357000000
)

------------------------

------------------------
2023.09.13 11:04:09
DEBUG
stdClass Object
(
    [iss] => http://example.org
    [audi] => http://example.com
    [iat] => 1356999524
    [nbf] => 1357000000
)

------------------------

------------------------
2023.09.13 11:04:09
DEBUG
stdClass Object
(
    [iss] => http://example.org
    [audi] => http://example.com
    [iat] => 1356999524
    [nbf] => 1357000000
)

------------------------

------------------------
2023.09.13 11:04:09
DEBUG
stdClass Object
(
    [iss] => http://example.org
    [audi] => http://example.com
    [iat] => 1356999524
    [nbf] => 1357000000
)

------------------------

------------------------
2023.09.13 11:06:28
DEBUG
Array
(
    [login] => 
    [password] => 
    [last_name] => 
    [first_name] => 
)

------------------------

------------------------
2023.09.13 11:11:18
DEBUG
stdClass Object
(
    [iat] => stdClass Object
        (
            [date] => 2023-09-13 11:11:15.701140
            [timezone_type] => 3
            [timezone] => Europe/Berlin
        )

    [nbf] => 600000
)

------------------------

------------------------
2023.09.13 11:13:24
DEBUG
1694596275
------------------------

------------------------
2023.09.13 11:20:05
DEBUG
0
------------------------

------------------------
2023.09.13 11:20:07
DEBUG
0
------------------------

------------------------
2023.09.13 11:24:11
DEBUG
55
------------------------

------------------------
2023.09.13 11:25:05
DEBUG
2
------------------------

------------------------
2023.09.16 9:00:03
DEBUG
9
------------------------

------------------------
2023.09.16 9:00:35
DEBUG
41
------------------------

------------------------
2023.09.16 9:00:49
DEBUG
54
------------------------

------------------------
2023.09.16 9:01:05
DEBUG
11
------------------------

------------------------
2023.09.16 9:01:39
DEBUG
45
------------------------

------------------------
2023.09.16 9:01:55
DEBUG
1
------------------------

------------------------
2023.09.16 9:02:37
DEBUG
0
------------------------

------------------------
2023.09.16 9:02:52
DEBUG
0
------------------------

------------------------
2023.09.16 9:03:36
DEBUG
0
------------------------

------------------------
2023.09.16 9:03:54
DEBUG
0
------------------------

------------------------
2023.09.16 9:12:48
DEBUG
0
------------------------

------------------------
2023.09.16 9:14:10
DEBUG
35
------------------------

------------------------
2023.09.16 9:15:19
DEBUG
36
------------------------

------------------------
2023.09.16 9:34:29
DEBUG
0
------------------------

------------------------
2023.09.16 9:34:48
DEBUG
0
------------------------

------------------------
2023.09.16 9:34:53
DEBUG
0
------------------------

------------------------
2023.09.16 9:34:56
DEBUG
0
------------------------

------------------------
2023.09.16 9:34:59
DEBUG
0
------------------------

------------------------
2023.09.16 9:35:01
DEBUG
0
------------------------

------------------------
2023.09.16 9:35:03
DEBUG
0
------------------------

------------------------
2023.09.16 9:35:14
DEBUG
0
------------------------

------------------------
2023.09.16 9:35:18
DEBUG
0
------------------------

------------------------
2023.09.16 9:35:22
DEBUG
1
------------------------

------------------------
2023.09.16 9:35:24
DEBUG
1
------------------------

------------------------
2023.09.16 9:35:35
DEBUG
1
------------------------

------------------------
2023.09.16 9:35:36
DEBUG
1
------------------------

------------------------
2023.09.16 9:35:36
DEBUG
1
------------------------

------------------------
2023.09.16 9:35:36
DEBUG
1
------------------------

------------------------
2023.09.16 9:35:36
DEBUG
1
------------------------

------------------------
2023.09.16 9:35:37
DEBUG
1
------------------------

------------------------
2023.09.16 9:46:42
DEBUG
1
------------------------

------------------------
2023.09.16 9:46:59
DEBUG
1
------------------------

------------------------
2023.09.16 9:46:59
DEBUG
1
------------------------

------------------------
2023.09.16 9:47:13
DEBUG
1
------------------------

------------------------
2023.09.16 9:47:24
DEBUG
1
------------------------

------------------------
2023.09.16 9:47:25
DEBUG
1
------------------------

------------------------
2023.09.16 9:47:33
DEBUG
1
------------------------

------------------------
2023.09.16 9:47:40
DEBUG
2
------------------------

------------------------
2023.09.16 9:47:42
DEBUG
2
------------------------

------------------------
2023.09.16 9:47:42
DEBUG
2
------------------------

------------------------
2023.09.16 9:47:42
DEBUG
2
------------------------

------------------------
2023.09.16 9:47:43
DEBUG
2
------------------------

------------------------
2023.09.16 9:48:24
DEBUG
2
------------------------

------------------------
2023.09.16 9:48:24
DEBUG
2
------------------------

------------------------
2023.09.16 9:48:24
DEBUG
2
------------------------

------------------------
2023.09.16 9:48:25
DEBUG
2
------------------------

------------------------
2023.09.16 9:48:25
DEBUG
2
------------------------

------------------------
2023.09.16 9:48:30
DEBUG
2
------------------------

------------------------
2023.09.16 9:48:30
DEBUG
2
------------------------

------------------------
2023.09.16 9:48:31
DEBUG
2
------------------------

------------------------
2023.09.16 9:49:07
DEBUG
3
------------------------

------------------------
2023.09.16 9:49:10
DEBUG
3
------------------------

------------------------
2023.09.16 9:50:50
DEBUG
5
------------------------

------------------------
2023.09.16 9:51:00
DEBUG
5
------------------------

------------------------
2023.09.16 9:51:00
DEBUG
5
------------------------

------------------------
2023.09.16 9:51:41
DEBUG
0
------------------------

------------------------
2023.09.16 9:53:26
DEBUG
0
------------------------

------------------------
2023.09.16 11:42:10
DEBUG
48
------------------------

------------------------
2023.09.16 11:43:29
DEBUG
50
------------------------

------------------------
2023.09.16 11:43:40
DEBUG
50
------------------------

------------------------
2023.09.16 11:44:48
DEBUG
51
------------------------

------------------------
2023.09.16 11:44:49
DEBUG
51
------------------------

------------------------
2023.09.16 11:44:49
DEBUG
51
------------------------

------------------------
2023.09.18 7:34:03
DEBUG
Array
(
    [0] => Array
        (
            [id] => 1
            [login] => admin
            [password] => $2y$10$c1MZJgIMrFcIJnDFxzC1mucuaKU4ZU1WB.7vDzOOt4zKrnBJldiKy
            [last_name] => Обухов
            [first_name] => Данил
        )

)

------------------------

------------------------
2023.09.18 7:43:12
DEBUG
Array
(
    [0] => Array
        (
            [idUser] => 1
            [idRole] => 1
            [id] => 1
            [login] => admin
            [password] => $2y$10$c1MZJgIMrFcIJnDFxzC1mucuaKU4ZU1WB.7vDzOOt4zKrnBJldiKy
            [last_name] => Обухов
            [first_name] => Данил
            [nameRole] => Администратор
        )

)

------------------------

------------------------
2023.09.18 7:52:33
DEBUG
Array
(
    [idUser] => 1
    [idRole] => 1
    [id] => 1
    [login] => admin
    [password] => $2y$10$c1MZJgIMrFcIJnDFxzC1mucuaKU4ZU1WB.7vDzOOt4zKrnBJldiKy
    [last_name] => Обухов
    [first_name] => Данил
    [nameRole] => Администратор
)

------------------------
